#
# A fatal error has been detected by the Java Runtime Environment:
#
#  SIGSEGV (0xb) at pc=0x00d6fc42, pid=6828, tid=3074120560
#
# JRE version: 6.0_18-b18
# Java VM: OpenJDK Client VM (14.0-b16 mixed mode, sharing linux-x86 )
# Derivative: IcedTea6 1.8
# Distribution: Ubuntu lucid (development branch), package 6b18-1.8-0ubuntu1
# Problematic frame:
# V  [libjvm.so+0x2ffc42]
#
# If you would like to submit a bug report, please include
# instructions how to reproduce the bug and visit:
#   https://bugs.launchpad.net/ubuntu/+source/openjdk-6/
#

---------------  T H R E A D  ---------------

Current thread (0x0949c400):  JavaThread "CompilerThread0" daemon [_thread_in_vm, id=6851, stack(0xb7335000,0xb73b6000)]

siginfo:si_signo=SIGSEGV: si_errno=0, si_code=1 (SEGV_MAPERR), si_addr=0x00000010

Registers:
EAX=0x00000000, EBX=0x00e7eff4, ECX=0x00e7eff4, EDX=0x00000580
ESP=0xb73b4a90, EBP=0xb73b4a98, ESI=0x00000580, EDI=0xb73b4b70
EIP=0x00d6fc42, CR2=0x00000010, EFLAGS=0x00210286

Top of Stack: (sp=0xb73b4a90)
0xb73b4a90:   00e7eff4 b73b4b2c b73b4ab8 00d6fd7f
0xb73b4aa0:   00000580 b73b4b74 b73b4ac8 00d6fd4a
0xb73b4ab0:   00e7eff4 b73b4b2c b73b4ad8 00d6ff4b
0xb73b4ac0:   b73b4b2c 00ea27a0 b73b4e70 00d6fdaa
0xb73b4ad0:   00e7eff4 b73b4b00 b73b4b58 00b81a65
0xb73b4ae0:   b73b4b00 b73b4e70 b73b4b70 00000000
0xb73b4af0:   b73b4b00 00000000 b73b4e74 b73b4b74
0xb73b4b00:   00000000 0949c8ba 0949c8be 00000000 

Instructions: (pc=0x00d6fc42)
0x00d6fc32:   39 c6 7d 1a 83 ec 0c 56 e8 e1 6e 02 00 83 c4 10
0x00d6fc42:   8b 40 10 8d 65 f8 5b 5e 5d c3 8d 74 26 00 8d 65 

Stack: [0xb7335000,0xb73b6000],  sp=0xb73b4a90,  free space=510k
Native frames: (J=compiled Java code, j=interpreted, Vv=VM code, C=native code)
V  [libjvm.so+0x2ffc42]
V  [libjvm.so+0x2ffd7f]
V  [libjvm.so+0x2fff4b]
V  [libjvm.so+0x111a65]
V  [libjvm.so+0x1123c1]
V  [libjvm.so+0x10f42f]
V  [libjvm.so+0x10f60b]
V  [libjvm.so+0x1100c1]
V  [libjvm.so+0xcc8f1]
V  [libjvm.so+0xcc992]
V  [libjvm.so+0x375b7]
V  [libjvm.so+0x75930]
V  [libjvm.so+0x758e7]
V  [libjvm.so+0x122482]
V  [libjvm.so+0x122bb7]
V  [libjvm.so+0x3651c8]
V  [libjvm.so+0x36a12c]
V  [libjvm.so+0x36a1ea]
V  [libjvm.so+0x2c92e1]
C  [libpthread.so.0+0x596e]


Current CompileTask:
C1:  1      java.lang.String.hashCode()I (60 bytes)


---------------  P R O C E S S  ---------------

Java Threads: ( => current thread )
  0x0949e400 JavaThread "Low Memory Detector" daemon [_thread_blocked, id=6852, stack(0xb6efd000,0xb6ffe000)]
=>0x0949c400 JavaThread "CompilerThread0" daemon [_thread_in_vm, id=6851, stack(0xb7335000,0xb73b6000)]
  0x0949ac00 JavaThread "Signal Dispatcher" daemon [_thread_blocked, id=6850, stack(0xb6ffe000,0xb70ff000)]
  0x09495000 JavaThread "Finalizer" daemon [_thread_blocked, id=6849, stack(0xb70ff000,0xb7200000)]
  0x09490400 JavaThread "Reference Handler" daemon [_thread_blocked, id=6848, stack(0xb73fc000,0xb74fd000)]
  0x0944ac00 JavaThread "main" [_thread_in_vm, id=6846, stack(0xb77de000,0xb78df000)]

Other Threads:
  0x0948e800 VMThread [stack: 0xb74fd000,0xb757e000] [id=6847]
  0x094a0400 WatcherThread [stack: 0xb6c7f000,0xb6d00000] [id=6853]

VM state:not at safepoint (normal execution)

VM Mutex/Monitor currently owned by a thread:  ([mutex/lock_event])
[0x09447f88] CodeCache_lock - owner thread: 0x0949c400
[0x09448d58] AdapterHandlerLibrary_lock - owner thread: 0x0944ac00

Heap
 def new generation   total 960K, used 268K [0x72750000, 0x72850000, 0x74dc0000)
  eden space 896K,  29% used [0x72750000, 0x72793020, 0x72830000)
  from space 64K,   0% used [0x72830000, 0x72830000, 0x72840000)
  to   space 64K,   0% used [0x72840000, 0x72840000, 0x72850000)
 tenured generation   total 4096K, used 0K [0x74dc0000, 0x751c0000, 0x91b50000)
   the space 4096K,   0% used [0x74dc0000, 0x74dc0000, 0x74dc0200, 0x751c0000)
 compacting perm gen  total 12288K, used 54K [0x91b50000, 0x92750000, 0x95b50000)
   the space 12288K,   0% used [0x91b50000, 0x91b5d948, 0x91b5da00, 0x92750000)
    ro space 8192K,  89% used [0x95b50000, 0x96280720, 0x96280800, 0x96350000)
    rw space 12288K,  59% used [0x96350000, 0x96a7edd8, 0x96a7ee00, 0x96f50000)

Dynamic libraries:
00110000-00112000 r-xp 00000000 08:01 1572927    /lib/tls/i686/cmov/libdl-2.11.1.so
00112000-00113000 r--p 00001000 08:01 1572927    /lib/tls/i686/cmov/libdl-2.11.1.so
00113000-00114000 rw-p 00002000 08:01 1572927    /lib/tls/i686/cmov/libdl-2.11.1.so
00114000-00267000 r-xp 00000000 08:01 1572913    /lib/tls/i686/cmov/libc-2.11.1.so
00267000-00268000 ---p 00153000 08:01 1572913    /lib/tls/i686/cmov/libc-2.11.1.so
00268000-0026a000 r--p 00153000 08:01 1572913    /lib/tls/i686/cmov/libc-2.11.1.so
0026a000-0026b000 rw-p 00155000 08:01 1572913    /lib/tls/i686/cmov/libc-2.11.1.so
0026b000-0026e000 rw-p 00000000 00:00 0 
0026e000-00275000 r-xp 00000000 08:01 1573027    /lib/tls/i686/cmov/librt-2.11.1.so
00275000-00276000 r--p 00006000 08:01 1573027    /lib/tls/i686/cmov/librt-2.11.1.so
00276000-00277000 rw-p 00007000 08:01 1573027    /lib/tls/i686/cmov/librt-2.11.1.so
00277000-0029b000 r-xp 00000000 08:01 4195516    /usr/lib/jvm/java-6-openjdk/jre/lib/i386/libjava.so
0029b000-0029c000 r--p 00023000 08:01 4195516    /usr/lib/jvm/java-6-openjdk/jre/lib/i386/libjava.so
0029c000-0029e000 rw-p 00024000 08:01 4195516    /usr/lib/jvm/java-6-openjdk/jre/lib/i386/libjava.so
0029e000-002a3000 rwxp 00000000 00:00 0 
002a6000-002ac000 r-xp 00000000 08:01 1572975    /lib/tls/i686/cmov/libnss_compat-2.11.1.so
002ac000-002ad000 r--p 00006000 08:01 1572975    /lib/tls/i686/cmov/libnss_compat-2.11.1.so
002ad000-002ae000 rw-p 00007000 08:01 1572975    /lib/tls/i686/cmov/libnss_compat-2.11.1.so
002ae000-002b5000 rwxp 00000000 00:00 0 
002b6000-002c9000 r-xp 00000000 08:01 1573062    /lib/libz.so.1.2.3.3
002c9000-002ca000 r--p 00012000 08:01 1573062    /lib/libz.so.1.2.3.3
002ca000-002cb000 rw-p 00013000 08:01 1573062    /lib/libz.so.1.2.3.3
002cb000-002d3000 r-xp 00000000 08:01 1572989    /lib/tls/i686/cmov/libnss_nis-2.11.1.so
002d3000-002d4000 r--p 00007000 08:01 1572989    /lib/tls/i686/cmov/libnss_nis-2.11.1.so
002d4000-002d5000 rw-p 00008000 08:01 1572989    /lib/tls/i686/cmov/libnss_nis-2.11.1.so
002d5000-002df000 r-xp 00000000 08:01 1572979    /lib/tls/i686/cmov/libnss_files-2.11.1.so
002df000-002e0000 r--p 00009000 08:01 1572979    /lib/tls/i686/cmov/libnss_files-2.11.1.so
002e0000-002e1000 rw-p 0000a000 08:01 1572979    /lib/tls/i686/cmov/libnss_files-2.11.1.so
002e5000-00309000 r-xp 00000000 08:01 1572962    /lib/tls/i686/cmov/libm-2.11.1.so
00309000-0030a000 r--p 00023000 08:01 1572962    /lib/tls/i686/cmov/libm-2.11.1.so
0030a000-0030b000 rw-p 00024000 08:01 1572962    /lib/tls/i686/cmov/libm-2.11.1.so
0030b000-00312000 r-xp 00000000 08:01 4195533    /usr/lib/jvm/java-6-openjdk/jre/lib/i386/libzip.so
00312000-00313000 r--p 00006000 08:01 4195533    /usr/lib/jvm/java-6-openjdk/jre/lib/i386/libzip.so
00313000-00314000 rw-p 00007000 08:01 4195533    /usr/lib/jvm/java-6-openjdk/jre/lib/i386/libzip.so
00314000-00316000 rwxp 00000000 00:00 0 
00316000-00394000 rwxp 00000000 00:00 0 
00394000-00395000 rwxp 00000000 00:00 0 
00395000-003a7000 rwxp 00000000 00:00 0 
003a7000-003aa000 rwxp 00000000 00:00 0 
003aa000-0048e000 rwxp 00000000 00:00 0 
0048e000-00494000 rwxp 00000000 00:00 0 
00494000-004ae000 rwxp 00000000 00:00 0 
004ae000-004bc000 rwxp 00000000 00:00 0 
004bc000-005a0000 rwxp 00000000 00:00 0 
005a0000-005a7000 rwxp 00000000 00:00 0 
005a7000-005c1000 rwxp 00000000 00:00 0 
007fe000-00801000 r-xp 00000000 08:01 4195504    /usr/lib/jvm/java-6-openjdk/jre/lib/i386/jli/libjli.so
00801000-00802000 r--p 00003000 08:01 4195504    /usr/lib/jvm/java-6-openjdk/jre/lib/i386/jli/libjli.so
00802000-00803000 rw-p 00004000 08:01 4195504    /usr/lib/jvm/java-6-openjdk/jre/lib/i386/jli/libjli.so
00829000-00844000 r-xp 00000000 08:01 1576890    /lib/ld-2.11.1.so
00844000-00845000 r--p 0001a000 08:01 1576890    /lib/ld-2.11.1.so
00845000-00846000 rw-p 0001b000 08:01 1576890    /lib/ld-2.11.1.so
00891000-00898000 r-xp 00000000 08:01 4195535    /usr/lib/jvm/java-6-openjdk/jre/lib/i386/native_threads/libhpi.so
00898000-00899000 r--p 00006000 08:01 4195535    /usr/lib/jvm/java-6-openjdk/jre/lib/i386/native_threads/libhpi.so
00899000-0089a000 rw-p 00007000 08:01 4195535    /usr/lib/jvm/java-6-openjdk/jre/lib/i386/native_threads/libhpi.so
008b3000-008bf000 r-xp 00000000 08:01 4195532    /usr/lib/jvm/java-6-openjdk/jre/lib/i386/libverify.so
008bf000-008c0000 r--p 0000b000 08:01 4195532    /usr/lib/jvm/java-6-openjdk/jre/lib/i386/libverify.so
008c0000-008c1000 rw-p 0000c000 08:01 4195532    /usr/lib/jvm/java-6-openjdk/jre/lib/i386/libverify.so
0094e000-00961000 r-xp 00000000 08:01 1572973    /lib/tls/i686/cmov/libnsl-2.11.1.so
00961000-00962000 r--p 00012000 08:01 1572973    /lib/tls/i686/cmov/libnsl-2.11.1.so
00962000-00963000 rw-p 00013000 08:01 1572973    /lib/tls/i686/cmov/libnsl-2.11.1.so
00963000-00965000 rw-p 00000000 00:00 0 
009d2000-009d3000 r-xp 00000000 00:00 0          [vdso]
00a57000-00a6c000 r-xp 00000000 08:01 1573021    /lib/tls/i686/cmov/libpthread-2.11.1.so
00a6c000-00a6d000 r--p 00014000 08:01 1573021    /lib/tls/i686/cmov/libpthread-2.11.1.so
00a6d000-00a6e000 rw-p 00015000 08:01 1573021    /lib/tls/i686/cmov/libpthread-2.11.1.so
00a6e000-00a70000 rw-p 00000000 00:00 0 
00a70000-00e69000 r-xp 00000000 08:01 4195499    /usr/lib/jvm/java-6-openjdk/jre/lib/i386/client/libjvm.so
00e69000-00e7f000 r--p 003f9000 08:01 4195499    /usr/lib/jvm/java-6-openjdk/jre/lib/i386/client/libjvm.so
00e7f000-00e8b000 rw-p 0040f000 08:01 4195499    /usr/lib/jvm/java-6-openjdk/jre/lib/i386/client/libjvm.so
00e8b000-012ab000 rw-p 00000000 00:00 0 
0500b000-05083000 rwxp 00000000 00:00 0 
05083000-0700b000 rwxp 00000000 00:00 0 
08048000-08051000 r-xp 00000000 08:01 4195565    /usr/lib/jvm/java-6-openjdk/jre/bin/java
08051000-08052000 r--p 00008000 08:01 4195565    /usr/lib/jvm/java-6-openjdk/jre/bin/java
08052000-08053000 rw-p 00009000 08:01 4195565    /usr/lib/jvm/java-6-openjdk/jre/bin/java
09444000-094ae000 rw-p 00000000 00:00 0          [heap]
72750000-72850000 rwxp 00000000 00:00 0 
72850000-74dc0000 rwxp 00000000 00:00 0 
74dc0000-751c0000 rwxp 00000000 00:00 0 
751c0000-91b50000 rwxp 00000000 00:00 0 
91b50000-92750000 rwxp 00000000 00:00 0 
92750000-95b50000 rwxp 00000000 00:00 0 
95b50000-96281000 r--s 00001000 08:01 4196733    /usr/lib/jvm/java-6-openjdk/jre/lib/i386/client/classes.jsa
96281000-96350000 rwxp 00000000 00:00 0 
96350000-96a7f000 rw-p 00732000 08:01 4196733    /usr/lib/jvm/java-6-openjdk/jre/lib/i386/client/classes.jsa
96a7f000-96f50000 rwxp 00000000 00:00 0 
96f50000-97049000 rw-p 00e61000 08:01 4196733    /usr/lib/jvm/java-6-openjdk/jre/lib/i386/client/classes.jsa
97049000-97350000 rwxp 00000000 00:00 0 
97350000-97358000 r-xs 00f5a000 08:01 4196733    /usr/lib/jvm/java-6-openjdk/jre/lib/i386/client/classes.jsa
97358000-97750000 rwxp 00000000 00:00 0 
b6c7f000-b6c80000 ---p 00000000 00:00 0 
b6c80000-b6d00000 rw-p 00000000 00:00 0 
b6d00000-b6d21000 rw-p 00000000 00:00 0 
b6d21000-b6e00000 ---p 00000000 00:00 0 
b6efd000-b6f00000 ---p 00000000 00:00 0 
b6f00000-b6ffe000 rw-p 00000000 00:00 0 
b6ffe000-b7001000 ---p 00000000 00:00 0 
b7001000-b70ff000 rw-p 00000000 00:00 0 
b70ff000-b7102000 ---p 00000000 00:00 0 
b7102000-b7200000 rw-p 00000000 00:00 0 
b7200000-b7221000 rw-p 00000000 00:00 0 
b7221000-b7300000 ---p 00000000 00:00 0 
b7335000-b7338000 ---p 00000000 00:00 0 
b7338000-b73b6000 rw-p 00000000 00:00 0 
b73b6000-b73bd000 r--s 00000000 08:01 3550716    /usr/lib/gconv/gconv-modules.cache
b73bd000-b73fc000 r--p 00000000 08:01 3548784    /usr/lib/locale/fr_FR.utf8/LC_CTYPE
b73fc000-b73ff000 ---p 00000000 00:00 0 
b73ff000-b74fd000 rw-p 00000000 00:00 0 
b74fd000-b74fe000 ---p 00000000 00:00 0 
b74fe000-b757e000 rw-p 00000000 00:00 0 
b757e000-b7619000 r--s 00786000 08:01 4203027    /usr/lib/jruby/lib/jruby.jar
b7619000-b764c000 rw-p 00000000 00:00 0 
b764c000-b77de000 r--s 03914000 08:01 4195496    /usr/lib/jvm/java-6-openjdk/jre/lib/rt.jar
b77de000-b77e1000 ---p 00000000 00:00 0 
b77e1000-b78e2000 rw-p 00000000 00:00 0 
b78e7000-b78ef000 rw-s 00000000 08:01 4329131    /tmp/hsperfdata_jluc/6828
b78ef000-b78f0000 rw-p 00000000 00:00 0 
b78f0000-b78f1000 r--p 00000000 00:00 0 
b78f1000-b78f3000 rw-p 00000000 00:00 0 
bf865000-bf87a000 rw-p 00000000 00:00 0          [stack]

VM Arguments:
jvm_args: -Djruby.memory.max=500m -Djruby.stack.max=1024k -Xmx500m -Xss1024k -Djna.boot.library.path=/usr/lib/jruby//lib/native/linux-i386:/usr/lib/jruby//lib/native/linux-amd64 -Djffi.boot.library.path=/usr/lib/jruby//lib/native/*Linux -Xbootclasspath/a:/usr/lib/jruby//lib/jruby.jar:/usr/lib/jruby//lib/bsf.jar -Djruby.home=/usr/lib/jruby/ -Djruby.lib=/usr/lib/jruby//lib -Djruby.script=jruby -Djruby.shell=/bin/sh 
java_command: org.jruby.Main /home/jluc/Rhizome/projet/test/vue/view.vue.test.rb
Launcher Type: SUN_STANDARD

Environment Variables:
PATH=/usr/local/sbin:/usr/local/bin:/usr/sbin:/usr/bin:/sbin:/bin:/usr/games
USERNAME=jluc
LD_LIBRARY_PATH=/usr/lib/jvm/java-6-openjdk/jre/lib/i386/client:/usr/lib/jvm/java-6-openjdk/jre/lib/i386:/usr/lib/jvm/java-6-openjdk/jre/../lib/i386:/usr/lib/jvm/java-6-openjdk/jre/lib/i386/server:/usr/lib/jvm/java-6-openjdk/jre/lib/i386:/usr/lib/jvm/java-6-openjdk/jre/../lib/i386
SHELL=/bin/bash
DISPLAY=:0.0

Signal Handlers:
SIGSEGV: [libjvm.so+0x397410], sa_mask[0]=0x7ffbfeff, sa_flags=0x10000004
SIGBUS: [libjvm.so+0x397410], sa_mask[0]=0x7ffbfeff, sa_flags=0x10000004
SIGFPE: [libjvm.so+0x2c5b10], sa_mask[0]=0x7ffbfeff, sa_flags=0x10000004
SIGPIPE: [libjvm.so+0x2c5b10], sa_mask[0]=0x7ffbfeff, sa_flags=0x10000004
SIGXFSZ: [libjvm.so+0x2c5b10], sa_mask[0]=0x7ffbfeff, sa_flags=0x10000004
SIGILL: [libjvm.so+0x2c5b10], sa_mask[0]=0x7ffbfeff, sa_flags=0x10000004
SIGUSR1: SIG_DFL, sa_mask[0]=0x00000000, sa_flags=0x00000000
SIGUSR2: [libjvm.so+0x2c5200], sa_mask[0]=0x00000004, sa_flags=0x10000004
SIGHUP: [libjvm.so+0x2c7960], sa_mask[0]=0x7ffbfeff, sa_flags=0x10000004
SIGINT: SIG_IGN, sa_mask[0]=0x00000000, sa_flags=0x00000000
SIGTERM: [libjvm.so+0x2c7960], sa_mask[0]=0x7ffbfeff, sa_flags=0x10000004
SIGQUIT: [libjvm.so+0x2c7960], sa_mask[0]=0x7ffbfeff, sa_flags=0x10000004


---------------  S Y S T E M  ---------------

OS:Ubuntu 10.04 (lucid)
uname:Linux 2.6.32-23-generic #37-Ubuntu SMP Fri Jun 11 07:54:58 UTC 2010 i686
libc:glibc 2.11.1 NPTL 2.11.1 
rlimit: STACK 8192k, CORE 0k, NPROC infinity, NOFILE 1024, AS infinity
load average:0.42 0.54 0.53

CPU:total 2 (2 cores per cpu, 1 threads per core) family 6 model 15 stepping 13, cmov, cx8, fxsr, mmx, sse, sse2, sse3, ssse3

Memory: 4k page, physical 2051980k(687944k free), swap 4805624k(4805624k free)

vm_info: OpenJDK Client VM (14.0-b16) for linux-x86 JRE (1.6.0_18-b18), built on Apr 14 2010 11:34:14 by "buildd" with gcc 4.4.3

time: Sat Jul 24 17:51:32 2010
elapsed time: 0 seconds

